2016-12-09 09:58:08,646 INFO (webController.java:25)- Info Hello
2016-12-09 09:58:08,649 ERROR (webController.java:27)- Error Hello
2016-12-09 09:58:08,649 WARN (webController.java:29)- Warn Hello
2016-12-09 09:58:08,649 INFO (webController.java:30)- 开始调用jdbcTemplate
2016-12-09 09:59:16,751 INFO (webController.java:25)- Info Hello
2016-12-09 09:59:16,752 ERROR (webController.java:27)- Error Hello
2016-12-09 09:59:16,753 WARN (webController.java:29)- Warn Hello
2016-12-09 09:59:16,753 INFO (webController.java:30)- 开始调用jdbcTemplate
2016-12-09 10:01:28,176 INFO (webController.java:25)- Info Hello
2016-12-09 10:01:28,177 ERROR (webController.java:27)- Error Hello
2016-12-09 10:01:28,178 WARN (webController.java:29)- Warn Hello
2016-12-09 10:01:28,179 INFO (webController.java:30)- 开始调用jdbcTemplate
2016-12-09 10:03:28,814 INFO (webController.java:25)- Info Hello
2016-12-09 10:03:28,814 ERROR (webController.java:27)- Error Hello
2016-12-09 10:03:28,814 WARN (webController.java:29)- Warn Hello
2016-12-09 10:03:28,816 INFO (webController.java:30)- 开始调用jdbcTemplate
2016-12-09 10:05:17,486 INFO (webController.java:25)- Info Hello
2016-12-09 10:05:17,487 ERROR (webController.java:27)- Error Hello
2016-12-09 10:05:17,487 WARN (webController.java:29)- Warn Hello
2016-12-09 10:05:17,487 INFO (webController.java:30)- 开始调用jdbcTemplate
2016-12-09 10:05:17,545 INFO (webController.java:32)- list:[springBootDemo.entity.TestStu@7ccc7a28]
2016-12-09 10:05:52,309 INFO (webController.java:25)- Info Hello
2016-12-09 10:05:52,311 ERROR (webController.java:27)- Error Hello
2016-12-09 10:05:52,312 WARN (webController.java:29)- Warn Hello
2016-12-09 10:05:52,312 INFO (webController.java:30)- 开始调用jdbcTemplate
2016-12-09 10:05:52,744 INFO (webController.java:32)- list:[springBootDemo.entity.TestStu@14f4f3f3]
